\BOOKMARK [1][-]{section.0.1}{\376\377\000P\000l\000a\000t\000f\000o\000r\000m\000-\000A\000g\000n\000o\000s\000t\000i\000c\000\040\000B\000y\000t\000e\000c\000o\000d\000e}{}% 1
\BOOKMARK [2][-]{subsection.0.1.1}{\376\377\000D\000e\000f\000i\000n\000i\000t\000i\000o\000n}{section.0.1}% 2
\BOOKMARK [2][-]{subsection.0.1.2}{\376\377\000E\000x\000e\000c\000u\000t\000i\000o\000n}{section.0.1}% 3
\BOOKMARK [2][-]{subsection.0.1.3}{\376\377\000K\000e\000y\000\040\000f\000e\000a\000t\000u\000r\000e\000s}{section.0.1}% 4
\BOOKMARK [2][-]{subsection.0.1.4}{\376\377\000C\000u\000r\000r\000e\000n\000t\000\040\000u\000s\000a\000g\000e}{section.0.1}% 5
\BOOKMARK [2][-]{subsection.0.1.5}{\376\377\000P\000A\000B\000\040\000i\000n\000\040\000b\000l\000o\000c\000k\000c\000h\000a\000i\000n\000s}{section.0.1}% 6
\BOOKMARK [1][-]{section.0.2}{\376\377\000W\000A\000S\000M}{}% 7
\BOOKMARK [2][-]{subsection.0.2.1}{\376\377\000D\000e\000f\000i\000n\000i\000t\000i\000o\000n\000s}{section.0.2}% 8
\BOOKMARK [2][-]{subsection.0.2.2}{\376\377\000S\000p\000e\000c\000i\000f\000i\000c\000a\000t\000i\000o\000n\000s}{section.0.2}% 9
\BOOKMARK [2][-]{subsection.0.2.3}{\376\377\000E\000x\000e\000c\000u\000t\000i\000o\000n}{section.0.2}% 10
\BOOKMARK [2][-]{subsection.0.2.4}{\376\377\000S\000e\000c\000u\000r\000i\000t\000y\000\040\000g\000u\000a\000r\000a\000n\000t\000e\000e}{section.0.2}% 11
\BOOKMARK [1][-]{section.0.3}{\376\377\000P\000o\000l\000k\000a\000d\000o\000t}{}% 12
\BOOKMARK [2][-]{subsection.0.3.1}{\376\377\000W\000h\000a\000t\000'\000s\000\040\000P\000o\000l\000k\000a\000d\000o\000t\000?}{section.0.3}% 13
\BOOKMARK [2][-]{subsection.0.3.2}{\376\377\000P\000o\000l\000k\000a\000d\000o\000t\000'\000s\000\040\000p\000r\000o\000t\000o\000c\000o\000l}{section.0.3}% 14
\BOOKMARK [2][-]{subsection.0.3.3}{\376\377\000W\000a\000s\000m\000\040\000i\000n\000\040\000P\000o\000l\000k\000a\000d\000o\000t}{section.0.3}% 15
\BOOKMARK [2][-]{subsection.0.3.4}{\376\377\000T\000h\000e\000\040\000c\000r\000u\000c\000i\000a\000l\000\040\000R\000o\000l\000e\000\040\000o\000f\000\040\000W\000A\000S\000M\000\040\000i\000n\000\040\000P\000o\000l\000k\000a\000d\000o\000t}{section.0.3}% 16
\BOOKMARK [1][-]{section.0.4}{\376\377\000W\000A\000S\000M\000\040\000R\000i\000v\000a\000l\000s}{}% 17
\BOOKMARK [2][-]{subsection.0.4.1}{\376\377\000E\000V\000M}{section.0.4}% 18
\BOOKMARK [2][-]{subsection.0.4.2}{\376\377\000e\000B\000P\000F}{section.0.4}% 19
\BOOKMARK [2][-]{subsection.0.4.3}{\376\377\000R\000I\000S\000C\000-\000V}{section.0.4}% 20
