\BOOKMARK [0][-]{chapter.1}{PAB}{}% 1
\BOOKMARK [1][-]{section.1.1}{Definition}{chapter.1}% 2
\BOOKMARK [1][-]{section.1.2}{Execution}{chapter.1}% 3
\BOOKMARK [1][-]{section.1.3}{Key\040features}{chapter.1}% 4
\BOOKMARK [1][-]{section.1.4}{Current\040usage}{chapter.1}% 5
\BOOKMARK [1][-]{section.1.5}{PAB\040in\040blockchains}{chapter.1}% 6
\BOOKMARK [0][-]{chapter.2}{Wasm}{}% 7
\BOOKMARK [1][-]{section.2.1}{Definitions}{chapter.2}% 8
\BOOKMARK [1][-]{section.2.2}{Specifications}{chapter.2}% 9
\BOOKMARK [1][-]{section.2.3}{Execution}{chapter.2}% 10
\BOOKMARK [2][-]{subsection.2.3.1}{Execution\040Types}{section.2.3}% 11
\BOOKMARK [2][-]{subsection.2.3.2}{Embedders}{section.2.3}% 12
\BOOKMARK [1][-]{section.2.4}{Security\040guarantee}{chapter.2}% 13
\BOOKMARK [2][-]{subsection.2.4.1}{Linear\040Memory}{section.2.4}% 14
\BOOKMARK [2][-]{subsection.2.4.2}{Communication\040in\040a\040sandboxed\040environment}{section.2.4}% 15
\BOOKMARK [2][-]{subsection.2.4.3}{Wasmtime\040Security\040guarantee}{section.2.4}% 16
\BOOKMARK [0][-]{chapter.3}{Polkadot}{}% 17
\BOOKMARK [1][-]{section.3.1}{What's\040Polkadot?}{chapter.3}% 18
\BOOKMARK [1][-]{section.3.2}{Polkadot's\040protocol}{chapter.3}% 19
\BOOKMARK [2][-]{subsection.3.2.1}{State\040Transition\040Function}{section.3.2}% 20
\BOOKMARK [1][-]{section.3.3}{Wasm\040in\040Polkadot}{chapter.3}% 21
\BOOKMARK [2][-]{subsection.3.3.1}{PVF}{section.3.3}% 22
\BOOKMARK [2][-]{subsection.3.3.2}{PoV}{section.3.3}% 23
\BOOKMARK [2][-]{subsection.3.3.3}{SmartContracts}{section.3.3}% 24
\BOOKMARK [1][-]{section.3.4}{The\040crucial\040Role\040of\040Wasm\040in\040Polkadot}{chapter.3}% 25
\BOOKMARK [0][-]{chapter.4}{Alternatives}{}% 26
\BOOKMARK [1][-]{section.4.1}{EVM}{chapter.4}% 27
\BOOKMARK [1][-]{section.4.2}{eBPF}{chapter.4}% 28
\BOOKMARK [2][-]{subsection.4.2.1}{What\040is\040eBPF}{section.4.2}% 29
\BOOKMARK [2][-]{subsection.4.2.2}{Solana\040eBPF}{section.4.2}% 30
\BOOKMARK [1][-]{section.4.3}{RISC-V}{chapter.4}% 31
\BOOKMARK [2][-]{subsection.4.3.1}{RISC-V\040for\040SmartConctract}{section.4.3}% 32
\BOOKMARK [0][-]{chapter.5}{Conclusions}{}% 33
